movtoclc;00001;1;14;00000019;01;2003;01022003;1;9;561;;00000220600;00000004008;;0000010721;0002358620
movtoclc;00002;1;14;00000019;01;2004;01022004;1;9;561;;00000243600;00000014310;;0000012288;0002703430
movtoclc;00003;1;14;00000019;01;2005;01022005;1;9;562;;00000397222;00000052173;;0000018882;0004154000
movtoclc;00004;1;14;00000019;01;2006;01022006;1;9;562;;00000626400;00000051690;;0000018332;0004033140
movtoclc;00005;1;14;00000019;01;2007;01022007;1;9;561;;00001362923;00000180455;;0000016682;0003670000
movtoclc;00006;1;14;00000019;01;2007;01022007;1;9;562;;00001362923;00000054966;;0000016682;0003670000
movtoclc;00007;1;14;00000019;01;2008;01022008;1;9;561;;00001770030;00000263772;;0000177186;0038981000
movtoclc;00008;1;14;00000019;01;2008;01022008;1;9;562;;00001770030;00000058766;;0000177186;0038981000
movtoclc;00009;1;14;00000019;01;2010;01022010;1;9;561;;00001281873;00000168550;;0000029765;0006548210
movtoclc;00010;1;14;00000019;01;2011;01022011;1;9;562;;00000723506;00000109467;;0000025000;0005500000
movtoclc;00011;1;14;00000019;01;2012;01022012;1;9;562;;00000708662;00000119603;;0000027273;0006000000
movtoclc;00012;1;14;00000019;01;2013;01022013;1;9;562;;00000795128;00000129648;;0000029100;0006402000
movtoclc;00013;1;14;00000019;01;2014;01022014;1;9;561;;00000936360;00000005523;;0000036818;0008100000
movtoclc;00014;1;14;00000019;01;2014;01022014;1;9;562;;00000936360;00000195902;;0000036818;0008100000
movtoclc;00015;1;14;00000019;02;2001;01032001;1;9;561;;00000151489;00000003823;;0000007550;0001661000
movtoclc;00016;1;14;00000019;02;2002;01032002;1;9;561;;00000182270;00000005110;;0000009000;0001980000
movtoclc;00017;1;14;00000019;02;2003;01032003;1;9;561;;00000218685;00000006170;;0000010721;0002358620
movtoclc;00018;1;14;00000019;02;2004;01032004;1;9;562;;00000322205;00000037897;;0000012709;0002796000
movtoclc;00019;1;14;00000019;02;2005;01032005;1;9;561;;00000297404;00000022381;;0000014773;0003250000
movtoclc;00020;1;14;00000019;02;2007;01032007;1;9;561;;00000309770;00000025405;;0000016682;0003670000
movtoclc;00021;1;14;00000019;02;2008;01032008;1;9;561;;00000392937;00000041100;;0000020641;0004541000
movtoclc;00022;1;14;00000019;02;2009;01032009;1;9;561;;00000431085;00000042422;;0000021545;0004740000
movtoclc;00023;1;14;00000019;02;2010;01032010;1;9;561;;00000455378;00000043519;;0000029765;0006548200
movtoclc;00024;1;14;00000019;02;2011;01032011;1;9;561;;00000516796;00000053686;;0000025000;0005500000
movtoclc;00025;1;14;00000019;02;2012;01032012;1;9;561;;00000580153;00000029616;;0000027273;0006000000
movtoclc;00026;1;14;00000019;02;2013;01032013;1;9;561;;00000602805;00000042860;;0000029100;0006402000
movtoclc;00027;1;14;00000019;02;2014;01032014;1;9;561;;00000888007;00000034218;;0000036818;0008100000
movtoclc;00028;1;14;00000019;03;2000;01042000;1;9;561;;00000135791;00000001468;;0000006800;0001496000
movtoclc;00029;1;14;00000019;03;2001;01042001;1;9;561;;00000151489;00000003823;;0000007550;0001661000
movtoclc;00030;1;14;00000019;03;2002;01042002;1;9;561;;00000182270;00000005110;;0000009000;0001980000
movtoclc;00031;1;14;00000019;03;2003;01042003;1;9;561;;00000218685;00000006170;;0000010721;0002358620
movtoclc;00032;1;14;00000019;03;2004;01042004;1;9;561;;00000243600;00000014310;;0000012273;0002700000
movtoclc;00033;1;14;00000019;03;2005;01042005;1;9;561;;00000297404;00000022381;;0000014773;0003250000
movtoclc;00034;1;14;00000019;03;2006;01042006;1;9;561;;00000293378;00000023471;;0000015818;0003480000
movtoclc;00035;1;14;00000019;03;2007;01042007;1;9;561;;00000309770;00000025405;;0000016682;0003670000
movtoclc;00036;1;14;00000019;03;2008;01042008;1;9;561;;00000388973;00000044496;;0000020455;0004500000
movtoclc;00037;1;14;00000019;03;2009;01042009;1;9;561;;00000809752;00000152422;;0000021545;0004740000
movtoclc;00038;1;14;00000019;03;2010;01042010;1;9;561;;00000455378;00000043519;;0000029765;0006548200
movtoclc;00039;1;14;00000019;03;2011;01042011;1;9;561;;00000509414;00000054702;;0000025000;0005500000
movtoclc;00040;1;14;00000019;03;2012;01042012;1;9;561;;00000524010;00000063924;;0000027273;0006000000
movtoclc;00041;1;14;00000019;03;2013;01042013;1;9;561;;00000560057;00000070228;;0000029100;0006402000
movtoclc;00042;1;14;00000019;03;2014;01042014;1;9;561;;00000761707;00000116970;;0000036818;0008100000
movtoclc;00043;1;14;00000019;04;2000;01052000;1;9;561;;00000152291;00000003943;;0000007550;0001661000
movtoclc;00044;1;14;00000019;04;2001;01052001;1;9;561;;00000183389;00000008608;;0000009000;0001980000
movtoclc;00045;1;14;00000019;04;2002;01052002;1;9;561;;00000204270;00000008410;;0000010000;0002200000
movtoclc;00046;1;14;00000019;04;2003;01052003;1;9;561;;00000218685;00000010572;;0000010721;0002358620
movtoclc;00047;1;14;00000019;04;2004;01052004;1;9;561;;00000243600;00000014310;;0000012273;0002700000
movtoclc;00048;1;14;00000019;04;2005;01052005;1;9;561;;00000297404;00000022381;;0000014773;0003250000
movtoclc;00049;1;14;00000019;04;2006;01052006;1;9;561;;00000291911;00000023067;;0000015818;0003480000
movtoclc;00050;1;14;00000019;04;2007;01052007;1;9;561;;00000308753;00000025125;;0000016682;0003670000
movtoclc;00051;1;14;00000019;04;2008;01052008;1;9;561;;00000388973;00000044496;;0000020455;0004500000
movtoclc;00052;1;14;00000019;04;2009;01052009;1;9;561;;00000409752;00000042422;;0000021545;0004740000
movtoclc;00053;1;14;00000019;04;2010;01052010;1;9;561;;00000455378;00000043519;;0000029765;0006548200
movtoclc;00054;1;14;00000019;04;2011;01052011;1;9;561;;00000477920;00000054702;;0000025000;0005500000
movtoclc;00055;1;14;00000019;04;2012;01052012;1;9;561;;00001888650;00000439199;;0000027273;0006000000
movtoclc;00056;1;14;00000019;04;2013;01052013;1;9;561;;00000694457;00000107188;;0000035209;0007746000
movtoclc;00057;1;14;00000019;04;2014;01052014;1;9;561;;00000725765;00000116970;;0000036818;0008100000
movtoclc;00058;1;14;00000019;05;1998;01061998;1;9;561;;00000-11351;00000000847;;0000000000;0000000000
movtoclc;00059;1;14;00000019;05;1999;01061999;1;9;561;;00000136400;00000001560;;0000000000;0000000000
movtoclc;00060;1;14;00000019;05;2000;01062000;1;9;561;;00000152291;00000003943;;0000007550;0001661000
movtoclc;00061;1;14;00000019;05;2001;01062001;1;9;561;;00000183389;00000008608;;0000009000;0001980000
movtoclc;00062;1;14;00000019;05;2002;01062002;1;9;561;;00000204270;00000008410;;0000010000;0002200000
movtoclc;00063;1;14;00000019;05;2003;01062003;1;9;561;;00000218685;00000010572;;0000010721;0002358620
movtoclc;00064;1;14;00000019;05;2004;01062004;1;9;561;;00000242404;00000014130;;0000012273;0002700000
movtoclc;00065;1;14;00000019;05;2005;01062005;1;9;561;;00000295650;00000021898;;0000014773;0003250000
movtoclc;00066;1;14;00000019;05;2006;01062006;1;9;561;;00000291911;00000023067;;0000015818;0003480000
movtoclc;00067;1;14;00000019;05;2007;01062007;1;9;561;;00000308753;00000025125;;0000016682;0003670000
movtoclc;00068;1;14;00000019;05;2008;01062008;1;9;561;;00000388973;00000044496;;0000020455;0004500000
movtoclc;00069;1;14;00000019;05;2009;01062009;1;9;561;;00000409752;00000042422;;0000021545;0004740000
movtoclc;00070;1;14;00000019;05;2010;01062010;1;9;561;;00000455378;00000043519;;0000022407;0004929600
movtoclc;00071;1;14;00000019;05;2011;01062011;1;9;561;;00000477920;00000054702;;0000025000;0005500000
movtoclc;00072;1;14;00000019;05;2012;01062012;1;9;561;;00000524010;00000063924;;0000027273;0006000000
movtoclc;00073;1;14;00000019;05;2013;01062013;1;9;561;;00002019023;00000471444;;0000035209;0007746000
movtoclc;00074;1;14;00000019;05;2014;01062014;1;9;561;;00002345766;00000562470;;0000036818;0008100000
movtoclc;00075;1;14;00000019;06;1998;01071998;1;9;561;;00000-11351;00000000847;;0000000000;0000000000
movtoclc;00076;1;14;00000019;06;1999;01071999;1;9;561;;00000135791;00000001468;;0000000000;0000000000
movtoclc;00077;1;14;00000019;06;2000;01072000;1;9;561;;00000151489;00000003823;;0000007550;0001661000
movtoclc;00078;1;14;00000019;06;2001;01072001;1;9;561;;00000183389;00000008608;;0000009000;0001980000
movtoclc;00079;1;14;00000019;06;2002;01072002;1;9;561;;00000202823;00000008193;;0000010000;0002200000
movtoclc;00080;1;14;00000019;06;2003;01072003;1;9;561;;00000215299;00000005239;;0000010721;0002358620
movtoclc;00081;1;14;00000019;06;2004;01072004;1;9;561;;00000242404;00000014130;;0000012273;0002700000
movtoclc;00082;1;14;00000019;06;2005;01072005;1;9;561;;00000295650;00000021898;;0000014773;0003250000
movtoclc;00083;1;14;00000019;06;2006;01072006;1;9;561;;00000291911;00000023067;;0000015818;0003480000
movtoclc;00084;1;14;00000019;06;2007;01072007;1;9;561;;00000308753;00000025125;;0000016682;0003670000
movtoclc;00085;1;14;00000019;06;2008;01072008;1;9;561;;00000388973;00000044496;;0000020455;0004500000
movtoclc;00086;1;14;00000019;06;2009;01072009;1;9;561;;00000409752;00000042422;;0000021545;0004740000
movtoclc;00087;1;14;00000019;06;2010;01072010;1;9;561;;00000455378;00000043519;;0000022407;0004929600
movtoclc;00088;1;14;00000019;06;2011;01072011;1;9;561;;00000477920;00000054702;;0000025000;0005500000
movtoclc;00089;1;14;00000019;06;2012;01072012;1;9;561;;00000524010;00000063924;;0000027273;0006000000
movtoclc;00090;1;14;00000019;06;2013;01072013;1;9;561;;00000694457;00000107188;;0000035209;0007746000
movtoclc;00091;1;14;00000019;07;1998;01081998;1;9;561;;00000-11897;00000000765;;0000000000;0000000000
movtoclc;00092;1;14;00000019;07;1999;01081999;1;9;561;;00000135791;00000001468;;0000000000;0000000000
movtoclc;00093;1;14;00000019;07;2000;01082000;1;9;561;;00000151489;00000003823;;0000007550;0001661000
movtoclc;00094;1;14;00000019;07;2001;01082001;1;9;561;;00000182270;00000008440;;0000009000;0001980000
movtoclc;00095;1;14;00000019;07;2002;01082002;1;9;561;;00000202823;00000008193;;0000010000;0002200000
movtoclc;00096;1;14;00000019;07;2003;01082003;1;9;561;;00000215299;00000005239;;0000010721;0002358620
movtoclc;00097;1;14;00000019;07;2004;01082004;1;9;561;;00000242404;00000014130;;0000012273;0002700000
movtoclc;00098;1;14;00000019;07;2005;01082005;1;9;561;;00000295650;00000021898;;0000014773;0003250000
movtoclc;00099;1;14;00000019;07;2006;01082006;1;9;561;;00000291911;00000023067;;0000015818;0003480000
movtoclc;00100;1;14;00000019;07;2007;01082007;1;9;561;;00000308753;00000025125;;0000016682;0003670000
movtoclc;00101;1;14;00000019;07;2008;01082008;1;9;561;;00000388973;00000044496;;0000020455;0004500000
movtoclc;00102;1;14;00000019;07;2009;01082009;1;9;561;;00000409752;00000042422;;0000021545;0004740000
movtoclc;00103;1;14;00000019;07;2010;01082010;1;9;561;;00000454819;00000043365;;0000022407;0004929600
movtoclc;00104;1;14;00000019;07;2011;01082011;1;9;561;;00000477897;00000054696;;0000025000;0005500000
movtoclc;00105;1;14;00000019;07;2012;01082012;1;9;561;;00000524010;00000063924;;0000027273;0006000000
movtoclc;00106;1;14;00000019;07;2013;01082013;1;9;561;;00000694457;00000107188;;0000035209;0007746000
movtoclc;00107;1;14;00000019;08;1998;01091998;1;9;561;;00000-11897;00000000765;;0000000000;0000000000
movtoclc;00108;1;14;00000019;08;1999;01091999;1;9;561;;00000135791;00000001468;;0000000000;0000000000
movtoclc;00109;1;14;00000019;08;2000;01092000;1;9;561;;00000151489;00000003823;;0000007550;0001661000
movtoclc;00110;1;14;00000019;08;2001;01092001;1;9;561;;00000182270;00000008440;;0000009000;0001980000
movtoclc;00111;1;14;00000019;08;2002;01092002;1;9;561;;00000202823;00000008193;;0000010000;0002200000
movtoclc;00112;1;14;00000019;08;2003;01092003;1;9;561;;00000215299;00000005239;;0000010721;0002358620
movtoclc;00113;1;14;00000019;08;2004;01092004;1;9;561;;00000242404;00000012630;;0000012273;0002700000
movtoclc;00114;1;14;00000019;08;2005;01092005;1;9;561;;00000295650;00000021898;;0000014773;0003250000
movtoclc;00115;1;14;00000019;08;2006;01092006;1;9;561;;00000291908;00000023066;;0000015818;0003480000
movtoclc;00116;1;14;00000019;08;2007;01092007;1;9;561;;00000308753;00000025125;;0000016682;0003670000
movtoclc;00117;1;14;00000019;08;2008;01092008;1;9;561;;00000388973;00000044496;;0000020455;0004500000
movtoclc;00118;1;14;00000019;08;2009;01092009;1;9;561;;00000409752;00000042422;;0000021545;0004740000
movtoclc;00119;1;14;00000019;08;2010;01092010;1;9;561;;00000454819;00000043365;;0000022407;0004929600
movtoclc;00120;1;14;00000019;08;2011;01092011;1;9;561;;00000477897;00000054696;;0000025000;0005500000
movtoclc;00121;1;14;00000019;08;2012;01092012;1;9;561;;00000524010;00000063924;;0000027273;0006000000
movtoclc;00122;1;14;00000019;08;2013;01092013;1;9;561;;00000694457;00000107188;;0000035209;0007746000
movtoclc;00123;1;14;00000019;09;1998;01101998;1;9;561;;00000-11897;00000000765;;0000000000;0000000000
movtoclc;00124;1;14;00000019;09;1999;01101999;1;9;561;;00000135791;00000001468;;0000000000;0000000000
movtoclc;00125;1;14;00000019;09;2000;01102000;1;9;561;;00000151489;00000003823;;0000007550;0001661000
movtoclc;00126;1;14;00000019;09;2001;01102001;1;9;561;;00000182270;00000008440;;0000009000;0001980000
movtoclc;00127;1;14;00000019;09;2002;01102002;1;9;561;;00000202823;00000008193;;0000010000;0002200000
movtoclc;00128;1;14;00000019;09;2003;01102003;1;9;561;;00000215299;00000005239;;0000010721;0002358620
movtoclc;00129;1;14;00000019;09;2004;01102004;1;9;561;;00000242404;00000012630;;0000012273;0002700000
movtoclc;00130;1;14;00000019;09;2005;01102005;1;9;561;;00000295650;00000021898;;0000014773;0003250000
movtoclc;00131;1;14;00000019;09;2006;01102006;1;9;561;;00000291908;00000023066;;0000015818;0003480000
movtoclc;00132;1;14;00000019;09;2007;01102007;1;9;561;;00000308753;00000025125;;0000016682;0003670000
movtoclc;00133;1;14;00000019;09;2008;01102008;1;9;561;;00000388973;00000044496;;0000020455;0004500000
movtoclc;00134;1;14;00000019;09;2009;01102009;1;9;561;;00000409752;00000042422;;0000021545;0004740000
movtoclc;00135;1;14;00000019;09;2010;01102010;1;9;561;;00000454819;00000043365;;0000022407;0004929600
movtoclc;00136;1;14;00000019;09;2011;01102011;1;9;561;;00000477897;00000054696;;0000025000;0005500000
movtoclc;00137;1;14;00000019;09;2012;01102012;1;9;561;;00000524010;00000063924;;0000027273;0006000000
movtoclc;00138;1;14;00000019;09;2013;01102013;1;9;561;;00000694457;00000107188;;0000035209;0007746000
movtoclc;00139;1;14;00000019;10;1998;01111998;1;9;561;;00000-11897;00000000765;;0000000000;0000000000
movtoclc;00140;1;14;00000019;10;1999;01111999;1;9;561;;00000135791;00000001468;;0000000000;0000000000
movtoclc;00141;1;14;00000019;10;2000;01112000;1;9;561;;00000151489;00000003823;;0000007550;0001661000
movtoclc;00142;1;14;00000019;10;2001;01112001;1;9;561;;00000182270;00000008440;;0000009000;0001980000
movtoclc;00143;1;14;00000019;10;2002;01112002;1;9;561;;00000202823;00000008193;;0000010000;0002200000
movtoclc;00144;1;14;00000019;10;2003;01112003;1;9;561;;00000215299;00000005239;;0000010721;0002358620
movtoclc;00145;1;14;00000019;10;2004;01112004;1;9;561;;00000242404;00000012630;;0000012273;0002700000
movtoclc;00146;1;14;00000019;10;2005;01112005;1;9;561;;00000295650;00000021898;;0000027491;0006048000
movtoclc;00147;1;14;00000019;10;2006;01112006;1;9;561;;00000291908;00000023066;;0000015818;0003480000
movtoclc;00148;1;14;00000019;10;2007;01112007;1;9;561;;00000308753;00000025125;;0000016682;0003670000
movtoclc;00149;1;14;00000019;10;2008;01112008;1;9;561;;00000388973;00000048290;;0000020455;0004500000
movtoclc;00150;1;14;00000019;10;2009;01112009;1;9;561;;00000409752;00000042422;;0000021545;0004740000
movtoclc;00151;1;14;00000019;10;2010;01112010;1;9;561;;00000454819;00000043365;;0000022407;0004929600
movtoclc;00152;1;14;00000019;10;2011;01112011;1;9;561;;00000477897;00000054696;;0000025000;0005500000
movtoclc;00153;1;14;00000019;10;2012;01112012;1;9;561;;00000524010;00000063924;;0000027273;0006000000
movtoclc;00154;1;14;00000019;10;2013;01112013;1;9;561;;00000694457;00000107188;;0000035209;0007746000
movtoclc;00155;1;14;00000019;11;1998;01121998;1;9;561;;00000-11897;00000000765;;0000000000;0000000000
movtoclc;00156;1;14;00000019;11;1999;01121999;1;9;561;;00000135791;00000001468;;0000000000;0000000000
movtoclc;00157;1;14;00000019;11;2000;01122000;1;9;561;;00000151489;00000003823;;0000007550;0001661000
movtoclc;00158;1;14;00000019;11;2001;01122001;1;9;561;;00000182270;00000008440;;0000009000;0001980000
movtoclc;00159;1;14;00000019;11;2002;01122002;1;9;561;;00000202823;00000008193;;0000010000;0002200000
movtoclc;00160;1;14;00000019;11;2003;01122003;1;9;561;;00000215299;00000005239;;0000010721;0002358620
movtoclc;00161;1;14;00000019;11;2004;01122004;1;9;561;;00000242404;00000012630;;0000012273;0002700000
movtoclc;00162;1;14;00000019;11;2005;01122005;1;9;561;;00000295650;00000021898;;0000027491;0006048000
movtoclc;00163;1;14;00000019;11;2006;01122006;1;9;561;;00000291908;00000023066;;0000015818;0003480000
movtoclc;00164;1;14;00000019;11;2007;01122007;1;9;561;;00000308753;00000025125;;0000016682;0003670000
movtoclc;00165;1;14;00000019;11;2008;01122008;1;9;561;;00000388973;00000048290;;0000020455;0004500000
movtoclc;00166;1;14;00000019;11;2009;01122009;1;9;561;;00000409752;00000042422;;0000021545;0004740000
movtoclc;00167;1;14;00000019;11;2010;01122010;1;9;561;;00000454819;00000043365;;0000022407;0004929600
movtoclc;00168;1;14;00000019;11;2011;01122011;1;9;561;;00000477897;00000054696;;0000033251;0007315250
movtoclc;00169;1;14;00000019;11;2012;01122012;1;9;561;;00000524010;00000063924;;0000027273;0006000000
movtoclc;00170;1;14;00000019;11;2013;01122013;1;9;561;;00000694457;00000111917;;0000035209;0007746000
movtoclc;00171;1;14;00000019;12;1997;01011998;1;9;562;;00000-11351;00000005787;;0000000000;0000000000
movtoclc;00172;1;14;00000019;12;1998;01011999;1;9;561;;00000-11897;00000000765;;0000000000;0000000000
movtoclc;00173;1;14;00000019;12;1998;01011999;1;9;562;;00000-11897;00000007915;;0000000000;0000000000
movtoclc;00174;1;14;00000019;12;1998;01011999;1;9;563;;00000-11897;00000000765;;0000000000;0000000000
movtoclc;00175;1;14;00000019;12;1999;01012000;1;9;561;;00000285391;00000001468;;0000000000;0000000000
movtoclc;00176;1;14;00000019;12;1999;01012000;1;9;562;;00000285391;00000008948;;0000000000;0000000000
movtoclc;00177;1;14;00000019;12;1999;01012000;1;9;563;;00000285391;00000001468;;0000000000;0000000000
movtoclc;00178;1;14;00000019;12;2000;01012001;1;9;561;;00000317589;00000003823;;0000007550;0001661000
movtoclc;00179;1;14;00000019;12;2000;01012001;1;9;562;;00000317589;00000012128;;0000007550;0001661000
movtoclc;00180;1;14;00000019;12;2000;01012001;1;9;563;;00000317589;00000003823;;0000007550;0001661000
movtoclc;00181;1;14;00000019;12;2001;01012002;1;9;561;;00000380270;00000008440;;0000009000;0001980000
movtoclc;00182;1;14;00000019;12;2001;01012002;1;9;562;;00000380270;00000022374;;0000009000;0001980000
movtoclc;00183;1;14;00000019;12;2001;01012002;1;9;563;;00000380270;00000008440;;0000009000;0001980000
movtoclc;00184;1;14;00000019;12;2002;01012003;1;9;562;;00000461836;00000005489;;0000010000;0002200000
movtoclc;00185;1;14;00000019;12;2002;01012003;1;9;563;;00000461836;00000008193;;0000010000;0002200000
movtoclc;00186;1;14;00000019;12;2003;01012004;1;9;561;;00000480634;00000004825;;0000010721;0002358620
movtoclc;00187;1;14;00000019;12;2003;01012004;1;9;563;;00000480634;00000010064;;0000010721;0002358620
movtoclc;00188;1;14;00000019;12;2004;01012005;1;9;561;;00000512404;00000012630;;0000012273;0002700000
movtoclc;00189;1;14;00000019;12;2004;01012005;1;9;563;;00000512404;00000012630;;0000012273;0002700000
movtoclc;00190;1;14;00000019;12;2005;01012006;1;9;561;;00000620650;00000021898;;0000014773;0003250000
movtoclc;00191;1;14;00000019;12;2005;01012006;1;9;563;;00000620650;00000021898;;0000014773;0003250000
movtoclc;00192;1;14;00000019;12;2006;01012007;1;9;561;;00000639908;00000023066;;0000015818;0003480000
movtoclc;00193;1;14;00000019;12;2006;01012007;1;9;563;;00000639908;00000023066;;0000015818;0003480000
movtoclc;00194;1;14;00000019;12;2007;01012008;1;9;561;;00000675753;00000022108;;0000016682;0003670000
movtoclc;00195;1;14;00000019;12;2007;01012008;1;9;563;;00000675753;00000025125;;0000016682;0003670000
movtoclc;00196;1;14;00000019;12;2008;01012009;1;9;561;;00000900116;00000008284;;0000023157;0005094500
movtoclc;00197;1;14;00000019;12;2008;01012009;1;9;562;;00000900116;00000089540;;0000023157;0005094500
movtoclc;00198;1;14;00000019;12;2008;01012009;1;9;563;;00000900116;00000048290;;0000023157;0005094500
movtoclc;00199;1;14;00000019;12;2009;01012010;1;9;561;;00000954668;00000008293;;0000021545;0004739990
movtoclc;00200;1;14;00000019;12;2009;01012010;1;9;562;;00000954668;00000085872;;0000021545;0004739990
movtoclc;00201;1;14;00000019;12;2009;01012010;1;9;563;;00000954668;00000042422;;0000021545;0004739990
movtoclc;00202;1;14;00000019;12;2010;01012011;1;9;561;;00001061859;00000059051;;0000025000;0005500000
movtoclc;00203;1;14;00000019;12;2010;01012011;1;9;563;;00001061859;00000059051;;0000025000;0005500000
movtoclc;00204;1;14;00000019;12;2011;01012012;1;9;561;;00001030057;00000051447;;0000027273;0006000000
movtoclc;00205;1;14;00000019;12;2011;01012012;1;9;563;;00001030057;00000054696;;0000027273;0006000000
movtoclc;00206;1;14;00000019;12;2012;01012013;1;9;561;;00001124010;00000063924;;0000027273;0006000000
movtoclc;00207;1;14;00000019;12;2012;01012013;1;9;563;;00001124010;00000063924;;0000027273;0006000000
movtoclc;00208;1;14;00000019;12;2013;01012014;1;9;561;;00001469057;00000111917;;0000035209;0007746000
movtoclc;00209;1;14;00000019;12;2013;01012014;1;9;563;;00001469057;00000111917;;0000035209;0007746000
movtoclc;00210;1;14;00000040;01;2007;01022007;1;9;561;;00000158848;00000002141;;0000003545;0000780000
movtoclc;00211;1;14;00000040;01;2008;01022008;1;9;561;;00000203361;00000007842;;0000003818;0000840000
movtoclc;00212;1;14;00000040;01;2012;01022012;1;9;561;;00000186464;00000001706;;0000004773;0001050000
movtoclc;00213;1;14;00000066;01;2008;01022008;1;9;561;;00000170423;00000004971;;0000003545;0000780000
movtoclc;00214;1;14;00000149;03;2014;01042014;1;9;562;;00000200502;00000001652;;0000004297;0000945280
movtoclc;00215;1;14;00000149;08;2011;01092011;1;9;561;;00000180225;00000001767;;0000003580;0000787500
movtoclc;00216;1;14;00000149;12;2012;01012013;1;9;562;;00000351882;00000001424;;0000003864;0000850000
movtoclc;00217;1;14;00000151;01;2010;01022010;1;9;561;;00000304905;00000005672;;0000008006;0001761400
movtoclc;00218;1;14;00000151;01;2012;01022012;1;9;561;;00000142872;00000002140;;0000009818;0002160000
movtoclc;00219;1;14;00000151;01;2013;01022013;1;9;561;;00000152219;00000002454;;0000010409;0002290000
movtoclc;00220;1;14;00000151;01;2014;01022014;1;9;561;;00000256897;00000001815;;0000013120;0002886480
movtoclc;00221;1;14;00000151;02;2011;01032011;1;9;561;;00000166925;00000001276;;0000007273;0001600000
movtoclc;00222;1;14;00000151;02;2012;01032012;1;9;561;;00000142872;00000002140;;0000009818;0002160000
movtoclc;00223;1;14;00000151;02;2013;01032013;1;9;561;;00000152219;00000002454;;0000010409;0002290000
movtoclc;00224;1;14;00000151;02;2014;01032014;1;9;561;;00000256897;00000001815;;0000013120;0002886480
movtoclc;00225;1;14;00000151;03;2011;01042011;1;9;561;;00000189679;00000002476;;0000007273;0001600000
movtoclc;00226;1;14;00000151;03;2012;01042012;1;9;561;;00000142872;00000002140;;0000009818;0002160000
movtoclc;00227;1;14;00000151;03;2013;01042013;1;9;561;;00000152219;00000002454;;0000010409;0002290000
movtoclc;00228;1;14;00000151;03;2014;01042014;1;9;561;;00000256897;00000001815;;0000013120;0002886480
movtoclc;00229;1;14;00000151;04;2011;01052011;1;9;561;;00000145322;00000002693;;0000007273;0001600000
movtoclc;00230;1;14;00000151;04;2012;01052012;1;9;561;;00000638755;00000104041;;0000009818;0002160000
movtoclc;00231;1;14;00000151;04;2013;01052013;1;9;561;;00000216734;00000008188;;0000012705;0002795000
movtoclc;00232;1;14;00000151;04;2014;01052014;1;9;561;;00000325592;00000015335;;0000013120;0002886480
movtoclc;00233;1;14;00000151;05;2011;01062011;1;9;561;;00000217045;00000010284;;0000007273;0001600000
movtoclc;00234;1;14;00000151;05;2012;01062012;1;9;561;;00000197088;00000006288;;0000009818;0002160000
movtoclc;00235;1;14;00000151;05;2013;01062013;1;9;561;;00000705682;00000118569;;0000012436;0002736000
movtoclc;00236;1;14;00000151;05;2014;01062014;1;9;561;;00000749609;00000123527;;0000013120;0002886480
movtoclc;00237;1;14;00000151;06;2011;01072011;1;9;561;;00000220076;00000010739;;0000007273;0001600000
movtoclc;00238;1;14;00000151;06;2012;01072012;1;9;561;;00000197088;00000006288;;0000009818;0002160000
movtoclc;00239;1;14;00000151;06;2013;01072013;1;9;561;;00000285781;00000018545;;0000012436;0002736000
movtoclc;00240;1;14;00000151;07;2009;01082009;1;9;561;;00000123534;00000001266;;0000006045;0001330000
movtoclc;00241;1;14;00000151;07;2011;01082011;1;9;561;;00000225454;00000011546;;0000007273;0001600000
movtoclc;00242;1;14;00000151;07;2012;01082012;1;9;561;;00000221873;00000010006;;0000009818;0002160000
movtoclc;00243;1;14;00000151;07;2013;01082013;1;9;561;;00000310685;00000023812;;0000012436;0002736000
movtoclc;00244;1;14;00000151;08;2009;01092009;1;9;561;;00000123534;00000001266;;0000006045;0001330000
movtoclc;00245;1;14;00000151;08;2011;01092011;1;9;561;;00000191962;00000006522;;0000007273;0001600000
movtoclc;00246;1;14;00000151;08;2012;01092012;1;9;561;;00000190893;00000005741;;0000009818;0002160000
movtoclc;00247;1;14;00000151;08;2013;01092013;1;9;561;;00000324778;00000026983;;0000012436;0002736000
movtoclc;00248;1;14;00000151;09;2009;01102009;1;9;561;;00000123534;00000001266;;0000006045;0001330000
movtoclc;00249;1;14;00000151;09;2011;01102011;1;9;561;;00000204499;00000008403;;0000009091;0002000000
movtoclc;00250;1;14;00000151;09;2012;01102012;1;9;561;;00000142872;00000002140;;0000009818;0002160000
movtoclc;00251;1;14;00000151;09;2013;01102013;1;9;561;;00000375939;00000025960;;0000006818;0001500000
movtoclc;00252;1;14;00000151;10;2011;01112011;1;9;561;;00000166876;00000004309;;0000009091;0002000000
movtoclc;00253;1;14;00000151;10;2012;01112012;1;9;561;;00000142872;00000002140;;0000009818;0002160000
movtoclc;00254;1;14;00000151;10;2013;01112013;1;9;561;;00000249384;00000013086;;0000012436;0002736000
movtoclc;00255;1;14;00000151;11;2011;01122011;1;9;562;;00000200278;00000001050;;0000009091;0002000000
movtoclc;00256;1;14;00000151;11;2012;01122012;1;9;561;;00000142872;00000002140;;0000009818;0002160000
movtoclc;00257;1;14;00000151;11;2013;01122013;1;9;561;;00000191913;00000005431;;0000012436;0002736000
movtoclc;00258;1;14;00000151;12;2011;01012012;1;9;563;;00000435911;00000006501;;0000009091;0002000000
movtoclc;00259;1;14;00000151;12;2012;01012013;1;9;562;;00000507741;00000004608;;0000009818;0002160000
movtoclc;00260;1;14;00000151;12;2012;01012013;1;9;563;;00000507741;00000003744;;0000009818;0002160000
movtoclc;00261;1;14;00000151;12;2013;01012014;1;9;562;;00000631959;00000004829;;0000012436;0002736000
movtoclc;00262;1;14;00000151;12;2013;01012014;1;9;563;;00000631959;00000013037;;0000012436;0002736000
movtoclc;00263;1;14;00000156;04;2014;01052014;1;9;561;;00000232932;00000001343;;0000004095;0000900970
