movtoclc;00001;1;12;00010238;04;1998;01051998;1;9;561;;00000030951;00000002056;;0000000000;0000000000
movtoclc;00002;1;12;00010238;04;2000;01052000;1;9;561;;00000154839;00000007265;;0000000750;0000165000
movtoclc;00003;1;12;00010238;06;2005;01072005;1;9;561;;00000160022;00000001278;;0000001500;0000330000
movtoclc;00004;1;12;00010238;07;1997;01081997;1;9;561;;00000030951;00000007111;;0000000000;0000000000
movtoclc;00005;1;12;00010238;07;1998;01081998;1;9;561;;00000031497;00000003891;;0000000000;0000000000
movtoclc;00006;1;12;00010238;07;2001;01082001;1;9;561;;00000118725;00000001848;;0000000900;0000198000
movtoclc;00007;1;12;00010238;07;2005;01082005;1;9;561;;00000254250;00000002026;;0000001500;0000330000
movtoclc;00008;1;12;00010238;08;1997;01091997;1;9;561;;00000030951;00000005127;;0000000000;0000000000
movtoclc;00009;1;12;00010238;08;1998;01091998;1;9;561;;00000031497;00000003893;;0000000000;0000000000
movtoclc;00010;1;12;00010238;08;1999;01091999;1;9;561;;00000137306;00000004635;;0000000682;0000150000
movtoclc;00011;1;12;00010238;08;2001;01092001;1;9;561;;00000192751;00000012952;;0000000900;0000198000
movtoclc;00012;1;12;00010238;09;1998;01101998;1;9;561;;00000031497;00000004180;;0000000000;0000000000
movtoclc;00013;1;12;00010238;09;2000;01102000;1;9;561;;00000116429;00000001504;;0000000750;0000165000
movtoclc;00014;1;12;00010238;10;2004;01112004;1;9;561;;00000114700;00000006099;;0000001300;0000286000
movtoclc;00015;1;13;00018808;04;2014;01052014;1;9;561;;00000267836;00000002926;;0000003643;0000801430
movtoclc;00016;1;13;00018808;05;2011;01062011;1;9;561;;00000231515;00000002401;;0000002864;0000630000
movtoclc;00017;1;13;00018808;05;2014;01062014;1;9;561;;00000353452;00000012967;;0000003643;0000801430
movtoclc;00018;1;13;00018808;06;2011;01072011;1;9;561;;00000300411;00000007597;;0000002864;0000630000
movtoclc;00019;1;13;00018808;06;2012;01072012;1;9;561;;00000168879;00000001349;;0000003182;0000700000
movtoclc;00020;1;13;00018808;06;2013;01072013;1;9;561;;00000215685;00000003320;;0000003405;0000749000
movtoclc;00021;1;13;00018808;06;2014;01072014;1;9;561;;00000271903;00000015263;;0000003643;0000801430
movtoclc;00022;1;13;00018808;07;2010;01082010;1;9;561;;00000118673;00000001697;;0000002666;0000586500
movtoclc;00023;1;13;00018808;07;2011;01082011;1;9;561;;00000282128;00000014028;;0000002864;0000630000
movtoclc;00024;1;13;00018808;07;2012;01082012;1;9;561;;00000195879;00000001588;;0000003182;0000700000
movtoclc;00025;1;13;00018808;07;2013;01082013;1;9;561;;00000190713;00000002356;;0000003405;0000749000
movtoclc;00026;1;13;00018808;07;2014;01082014;1;9;561;;00000180482;00000004520;;0000003643;0000801430
movtoclc;00027;1;13;00018808;08;2011;01092011;1;9;561;;00000249767;00000006709;;0000002864;0000630000
movtoclc;00028;1;13;00018808;08;2012;01092012;1;9;561;;00000194674;00000001950;;0000003182;0000700000
movtoclc;00029;1;13;00018808;08;2013;01092013;1;9;561;;00000194059;00000001164;;0000003405;0000749000
movtoclc;00030;1;13;00018808;09;2011;01102011;1;9;561;;00000196629;00000004468;;0000002864;0000630000
movtoclc;00031;1;13;00018808;11;2011;01122011;1;9;562;;00000216657;00000005322;;0000002864;0000630000
movtoclc;00032;1;13;00018808;11;2012;01122012;1;9;562;;00000333199;00000003261;;0000003182;0000700000
movtoclc;00033;1;13;00018808;12;2013;01012014;1;9;562;;00000553127;00000004724;;0000003405;0000749000
movtoclc;00034;1;12;00021491;08;2001;01092001;1;9;561;;00000088669;00000001270;;0000000900;0000198000
movtoclc;00035;1;12;00031932;05;2014;01062014;1;9;561;;00000254112;00000003529;;0000003643;0000801430
movtoclc;00036;1;12;00031932;06;2014;01072014;1;9;561;;00000100825;00000001328;;0000003643;0000801430
movtoclc;00037;1;12;00031932;08;2013;01092013;1;9;561;;00000161645;00000003324;;0000003405;0000749000
movtoclc;00038;1;12;00031939;05;2014;01062014;1;9;561;;00000258495;00000004885;;0000003643;0000801430
movtoclc;00039;1;12;00031939;06;2011;01072011;1;9;561;;00000251666;00000008064;;0000002864;0000630000
movtoclc;00040;1;12;00031939;06;2013;01072013;1;9;561;;00000179326;00000001298;;0000003405;0000749000
movtoclc;00041;1;12;00031939;06;2014;01072014;1;9;561;;00000214732;00000006096;;0000003643;0000801430
movtoclc;00042;1;12;00031939;07;2009;01082009;1;9;561;;00000113421;00000001911;;0000002431;0000534750
movtoclc;00043;1;12;00031939;07;2011;01082011;1;9;561;;00000242627;00000007853;;0000002864;0000630000
movtoclc;00044;1;12;00031939;07;2014;01082014;1;9;561;;00000176366;00000001714;;0000003643;0000801430
movtoclc;00045;1;12;00031939;08;2008;01092008;1;9;561;;00000117370;00000006509;;0000002169;0000477250
movtoclc;00046;1;12;00031939;08;2011;01092011;1;9;561;;00000219706;00000004913;;0000002864;0000630000
movtoclc;00047;1;12;00031939;08;2014;01092014;1;9;562;;00000208411;00000001248;;0000003643;0000801430
movtoclc;00048;1;12;00031939;09;2011;01102011;1;9;561;;00000222811;00000006667;;0000002864;0000630000
movtoclc;00049;1;12;00031939;10;2012;01112012;1;9;562;;00000221370;00000003159;;0000003182;0000700000
movtoclc;00050;1;13;00032077;06;2014;01072014;1;9;561;;00000180490;00000001556;;0000003643;0000801430
movtoclc;00051;1;12;00032119;06;2011;01072011;1;9;561;;00000170914;00000001015;;0000002864;0000630000
movtoclc;00052;1;13;00032804;05;2014;01062014;1;9;561;;00000256344;00000004736;;0000003643;0000801430
movtoclc;00053;1;13;00032804;06;2011;01072011;1;9;561;;00000184142;00000001494;;0000002864;0000630000
movtoclc;00054;1;13;00032804;06;2014;01072014;1;9;561;;00000210829;00000005381;;0000003643;0000801430
movtoclc;00055;1;13;00032804;07;2011;01082011;1;9;561;;00000169053;00000001592;;0000002864;0000630000
movtoclc;00056;1;12;00032856;06;2014;01072014;1;9;561;;00000125052;00000001682;;0000003643;0000801430
movtoclc;00057;1;13;00033165;06;2014;01072014;1;9;561;;00000166242;00000001462;;0000003643;0000801430
movtoclc;00058;1;13;00033165;07;2011;01082011;1;9;561;;00000149061;00000001658;;0000002864;0000630000
movtoclc;00059;1;13;00033171;07;2011;01082011;1;9;561;;00000146267;00000001108;;0000002864;0000630000
movtoclc;00060;1;12;00033404;05;2014;01062014;1;9;561;;00000242672;00000004033;;0000003643;0000801430
movtoclc;00061;1;12;00033404;07;2013;01082013;1;9;561;;00000199469;00000001047;;0000003405;0000749000
movtoclc;00062;1;12;00033404;08;2013;01092013;1;9;561;;00000155448;00000001532;;0000003405;0000749000
movtoclc;00063;1;12;00033484;06;2014;01072014;1;9;561;;00000155387;00000001726;;0000003643;0000801430
movtoclc;00064;1;13;00033550;07;2011;01082011;1;9;561;;00000149027;00000001094;;0000002864;0000630000
movtoclc;00065;1;13;00033556;06;2014;01072014;1;9;561;;00000162585;00000001548;;0000003643;0000801430
movtoclc;00066;1;13;00033556;07;2011;01082011;1;9;561;;00000158428;00000001809;;0000002864;0000630000
movtoclc;00067;1;13;00033560;07;2011;01082011;1;9;561;;00000139013;00000001206;;0000002864;0000630000
movtoclc;00068;1;13;00033561;05;2014;01062014;1;9;561;;00000239788;00000002167;;0000003643;0000801430
movtoclc;00069;1;13;00033561;06;2011;01072011;1;9;561;;00000217057;00000001569;;0000002864;0000630000
movtoclc;00070;1;13;00033561;06;2014;01072014;1;9;561;;00000224730;00000006178;;0000003643;0000801430
movtoclc;00071;1;13;00033561;07;2011;01082011;1;9;561;;00000166704;00000003660;;0000002864;0000630000
movtoclc;00072;1;13;00033596;05;2014;01062014;1;9;561;;00000206438;00000001500;;0000003643;0000801430
movtoclc;00073;1;13;00033599;06;2014;01072014;1;9;561;;00000156302;00000002592;;0000003643;0000801430
movtoclc;00074;1;13;00033860;05;2014;01062014;1;9;561;;00000231264;00000001167;;0000003643;0000801430
movtoclc;00075;1;13;00033860;06;2011;01072011;1;9;561;;00000204619;00000002211;;0000002864;0000630000
movtoclc;00076;1;13;00033860;06;2014;01072014;1;9;561;;00000168077;00000002648;;0000003643;0000801430
movtoclc;00077;1;13;00033860;07;2011;01082011;1;9;561;;00000195485;00000002920;;0000002864;0000630000
movtoclc;00078;1;13;00033860;08;2011;01092011;1;9;561;;00000207220;00000005257;;0000002864;0000630000
movtoclc;00079;1;13;00034453;06;2014;01072014;1;9;561;;00000148511;00000001136;;0000003643;0000801430
movtoclc;00080;1;13;00034649;06;2014;01072014;1;9;561;;00000160456;00000001113;;0000003643;0000801430
movtoclc;00081;1;13;00035664;06;2014;01072014;1;9;561;;00000131381;00000001169;;0000003643;0000801430
movtoclc;00082;1;13;00035686;06;2014;01072014;1;9;561;;00000149429;00000002120;;0000003643;0000801430
